------------------------------------------------------------------------------------------------------------------------

[2020-11-15 16:03:19 #1 store] 
Database 'C:\Users\galan\eclipse-workspace\Bets2021-Berria\src\main\resources\bets.temp' is opened by 16524@DESKTOP-GNV5VMN

[2020-11-15 16:03:20 #2 type] 
Type domain.Question is not enhanced.

[2020-11-15 16:03:20 #3 type] 
Type domain.Event is not enhanced.

[2020-11-15 16:03:20 #4 type] 
Type domain.User is not enhanced.

[2020-11-15 16:03:20 #5 type] 
Type domain.Mugimenduak is not enhanced.

[2020-11-15 16:03:20 #6 type] 
Type domain.ApustuAnizkoitza is not enhanced.

[2020-11-15 16:03:20 #7 type] 
Type domain.Apustua is not enhanced.

[2020-11-15 16:03:20 #8 type] 
Type domain.Kuota is not enhanced.

------------------------------------------------------------------------------------------------------------------------

[2020-11-15 16:18:50 #1 store] 
Database 'C:\Users\galan\eclipse-workspace\Bets2021-Berria\src\main\resources\bets.temp' is opened by 14200@DESKTOP-GNV5VMN

[2020-11-15 16:18:50 #2 type] 
Type domain.Question is not enhanced.

[2020-11-15 16:18:50 #3 type] 
Type domain.Event is not enhanced.

[2020-11-15 16:18:50 #4 type] 
Type domain.User is not enhanced.

[2020-11-15 16:18:50 #5 type] 
Type domain.Mugimenduak is not enhanced.

[2020-11-15 16:18:50 #6 type] 
Type domain.ApustuAnizkoitza is not enhanced.

[2020-11-15 16:18:50 #7 type] 
Type domain.Apustua is not enhanced.

[2020-11-15 16:18:50 #8 type] 
Type domain.Kuota is not enhanced.

------------------------------------------------------------------------------------------------------------------------

[2020-11-15 16:35:04 #1 store] 
Database 'C:\Users\galan\eclipse-workspace\Bets2021-Berria\src\main\resources\bets.temp' is opened by 21384@DESKTOP-GNV5VMN

[2020-11-15 16:35:04 #2 type] 
Type domain.Question is not enhanced.

[2020-11-15 16:35:04 #3 type] 
Type domain.Event is not enhanced.

[2020-11-15 16:35:04 #4 type] 
Type domain.User is not enhanced.

[2020-11-15 16:35:04 #5 type] 
Type domain.Mugimenduak is not enhanced.

[2020-11-15 16:35:04 #6 type] 
Type domain.ApustuAnizkoitza is not enhanced.

[2020-11-15 16:35:04 #7 type] 
Type domain.Apustua is not enhanced.

[2020-11-15 16:35:04 #8 type] 
Type domain.Kuota is not enhanced.

------------------------------------------------------------------------------------------------------------------------

[2020-11-15 16:40:33 #1 store] 
Database 'C:\Users\galan\eclipse-workspace\Bets2021-Berria\src\main\resources\bets.temp' is opened by 17772@DESKTOP-GNV5VMN

[2020-11-15 16:40:33 #2 type] 
Type domain.Question is not enhanced.

[2020-11-15 16:40:33 #3 type] 
Type domain.Event is not enhanced.

[2020-11-15 16:40:33 #4 type] 
Type domain.User is not enhanced.

[2020-11-15 16:40:33 #5 type] 
Type domain.Mugimenduak is not enhanced.

[2020-11-15 16:40:33 #6 type] 
Type domain.ApustuAnizkoitza is not enhanced.

[2020-11-15 16:40:33 #7 type] 
Type domain.Apustua is not enhanced.

[2020-11-15 16:40:33 #8 type] 
Type domain.Kuota is not enhanced.

------------------------------------------------------------------------------------------------------------------------

[2020-11-15 17:02:39 #1 store] 
Database 'C:\Users\galan\eclipse-workspace\Bets2021-Berria\src\main\resources\bets.temp' is opened by 8840@DESKTOP-GNV5VMN

[2020-11-15 17:02:39 #2 type] 
Type domain.Question is not enhanced.

[2020-11-15 17:02:39 #3 type] 
Type domain.Event is not enhanced.

[2020-11-15 17:02:39 #4 type] 
Type domain.User is not enhanced.

[2020-11-15 17:02:39 #5 type] 
Type domain.Mugimenduak is not enhanced.

[2020-11-15 17:02:39 #6 type] 
Type domain.ApustuAnizkoitza is not enhanced.

[2020-11-15 17:02:39 #7 type] 
Type domain.Apustua is not enhanced.

[2020-11-15 17:02:39 #8 type] 
Type domain.Kuota is not enhanced.

------------------------------------------------------------------------------------------------------------------------

[2020-11-15 17:04:16 #1 store] 
Database 'C:\Users\galan\eclipse-workspace\Bets2021-Berria\src\main\resources\bets.temp' is opened by 19136@DESKTOP-GNV5VMN

[2020-11-15 17:04:16 #2 type] 
Type domain.Question is not enhanced.

[2020-11-15 17:04:16 #3 type] 
Type domain.Event is not enhanced.

[2020-11-15 17:04:16 #4 type] 
Type domain.User is not enhanced.

[2020-11-15 17:04:16 #5 type] 
Type domain.Mugimenduak is not enhanced.

[2020-11-15 17:04:16 #6 type] 
Type domain.ApustuAnizkoitza is not enhanced.

[2020-11-15 17:04:16 #7 type] 
Type domain.Apustua is not enhanced.

[2020-11-15 17:04:16 #8 type] 
Type domain.Kuota is not enhanced.

------------------------------------------------------------------------------------------------------------------------

[2020-11-15 17:12:47 #1 store] 
Database 'C:\Users\galan\eclipse-workspace\Bets2021-Berria\src\main\resources\bets.temp' is opened by 19444@DESKTOP-GNV5VMN

[2020-11-15 17:12:47 #2 type] 
Type domain.Question is not enhanced.

[2020-11-15 17:12:47 #3 type] 
Type domain.Event is not enhanced.

[2020-11-15 17:12:47 #4 type] 
Type domain.User is not enhanced.

[2020-11-15 17:12:47 #5 type] 
Type domain.Mugimenduak is not enhanced.

[2020-11-15 17:12:47 #6 type] 
Type domain.ApustuAnizkoitza is not enhanced.

[2020-11-15 17:12:47 #7 type] 
Type domain.Apustua is not enhanced.

[2020-11-15 17:12:47 #8 type] 
Type domain.Kuota is not enhanced.

------------------------------------------------------------------------------------------------------------------------

[2020-11-15 17:27:39 #1 store] 
Database 'C:\Users\galan\eclipse-workspace\Bets2021-Berria\src\main\resources\bets.temp' is opened by 18484@DESKTOP-GNV5VMN

[2020-11-15 17:27:39 #2 type] 
Type domain.Question is not enhanced.

[2020-11-15 17:27:39 #3 type] 
Type domain.Event is not enhanced.

[2020-11-15 17:27:39 #4 type] 
Type domain.User is not enhanced.

[2020-11-15 17:27:39 #5 type] 
Type domain.Mugimenduak is not enhanced.

[2020-11-15 17:27:39 #6 type] 
Type domain.ApustuAnizkoitza is not enhanced.

[2020-11-15 17:27:39 #7 type] 
Type domain.Apustua is not enhanced.

[2020-11-15 17:27:39 #8 type] 
Type domain.Kuota is not enhanced.

------------------------------------------------------------------------------------------------------------------------

[2020-11-15 17:32:38 #1 store] 
Database 'C:\Users\galan\eclipse-workspace\Bets2021-Berria\src\main\resources\bets.temp' is opened by 648@DESKTOP-GNV5VMN

[2020-11-15 17:32:39 #2 type] 
Type domain.Question is not enhanced.

[2020-11-15 17:32:39 #3 type] 
Type domain.Event is not enhanced.

[2020-11-15 17:32:39 #4 type] 
Type domain.User is not enhanced.

[2020-11-15 17:32:39 #5 type] 
Type domain.Mugimenduak is not enhanced.

[2020-11-15 17:32:39 #6 type] 
Type domain.ApustuAnizkoitza is not enhanced.

[2020-11-15 17:32:39 #7 type] 
Type domain.Apustua is not enhanced.

[2020-11-15 17:32:39 #8 type] 
Type domain.Kuota is not enhanced.

------------------------------------------------------------------------------------------------------------------------

[2020-11-15 17:38:25 #1 store] 
Database 'C:\Users\galan\eclipse-workspace\Bets2021-Berria\src\main\resources\bets.temp' is opened by 19240@DESKTOP-GNV5VMN

[2020-11-15 17:38:25 #2 type] 
Type domain.Question is not enhanced.

[2020-11-15 17:38:26 #3 type] 
Type domain.Event is not enhanced.

[2020-11-15 17:38:26 #4 type] 
Type domain.User is not enhanced.

[2020-11-15 17:38:26 #5 type] 
Type domain.Mugimenduak is not enhanced.

[2020-11-15 17:38:26 #6 type] 
Type domain.ApustuAnizkoitza is not enhanced.

[2020-11-15 17:38:26 #7 type] 
Type domain.Apustua is not enhanced.

[2020-11-15 17:38:26 #8 type] 
Type domain.Kuota is not enhanced.

------------------------------------------------------------------------------------------------------------------------

[2020-11-15 17:38:53 #1 store] 
Database 'C:\Users\galan\eclipse-workspace\Bets2021-Berria\src\main\resources\bets.temp' is opened by 16044@DESKTOP-GNV5VMN

[2020-11-15 17:38:53 #2 type] 
Type domain.Question is not enhanced.

[2020-11-15 17:38:53 #3 type] 
Type domain.Event is not enhanced.

[2020-11-15 17:38:53 #4 type] 
Type domain.User is not enhanced.

[2020-11-15 17:38:53 #5 type] 
Type domain.Mugimenduak is not enhanced.

[2020-11-15 17:38:53 #6 type] 
Type domain.ApustuAnizkoitza is not enhanced.

[2020-11-15 17:38:53 #7 type] 
Type domain.Apustua is not enhanced.

[2020-11-15 17:38:53 #8 type] 
Type domain.Kuota is not enhanced.

------------------------------------------------------------------------------------------------------------------------

[2020-11-15 17:39:03 #1 store] 
Database 'C:\Users\galan\eclipse-workspace\Bets2021-Berria\src\main\resources\bets.temp' is opened by 3308@DESKTOP-GNV5VMN

[2020-11-15 17:39:03 #2 type] 
Type domain.Question is not enhanced.

[2020-11-15 17:39:03 #3 type] 
Type domain.Event is not enhanced.

[2020-11-15 17:39:03 #4 type] 
Type domain.User is not enhanced.

[2020-11-15 17:39:03 #5 type] 
Type domain.Mugimenduak is not enhanced.

[2020-11-15 17:39:03 #6 type] 
Type domain.ApustuAnizkoitza is not enhanced.

[2020-11-15 17:39:03 #7 type] 
Type domain.Apustua is not enhanced.

[2020-11-15 17:39:03 #8 type] 
Type domain.Kuota is not enhanced.

------------------------------------------------------------------------------------------------------------------------

[2020-11-15 17:39:42 #1 store] 
Database 'C:\Users\galan\eclipse-workspace\Bets2021-Berria\src\main\resources\bets.temp' is opened by 12644@DESKTOP-GNV5VMN

[2020-11-15 17:39:42 #2 type] 
Type domain.Question is not enhanced.

[2020-11-15 17:39:42 #3 type] 
Type domain.Event is not enhanced.

[2020-11-15 17:39:42 #4 type] 
Type domain.User is not enhanced.

[2020-11-15 17:39:42 #5 type] 
Type domain.Mugimenduak is not enhanced.

[2020-11-15 17:39:42 #6 type] 
Type domain.ApustuAnizkoitza is not enhanced.

[2020-11-15 17:39:42 #7 type] 
Type domain.Apustua is not enhanced.

[2020-11-15 17:39:42 #8 type] 
Type domain.Kuota is not enhanced.

------------------------------------------------------------------------------------------------------------------------

[2020-11-15 17:41:55 #1 store] 
Database 'C:\Users\galan\eclipse-workspace\Bets2021-Berria\src\main\resources\bets.temp' is opened by 2676@DESKTOP-GNV5VMN

[2020-11-15 17:41:55 #2 type] 
Type domain.Question is not enhanced.

[2020-11-15 17:41:55 #3 type] 
Type domain.Event is not enhanced.

[2020-11-15 17:41:55 #4 type] 
Type domain.User is not enhanced.

[2020-11-15 17:41:55 #5 type] 
Type domain.Mugimenduak is not enhanced.

[2020-11-15 17:41:55 #6 type] 
Type domain.ApustuAnizkoitza is not enhanced.

[2020-11-15 17:41:55 #7 type] 
Type domain.Apustua is not enhanced.

[2020-11-15 17:41:55 #8 type] 
Type domain.Kuota is not enhanced.

------------------------------------------------------------------------------------------------------------------------

[2020-11-15 17:44:05 #1 store] 
Database 'C:\Users\galan\eclipse-workspace\Bets2021-Berria\src\main\resources\bets.temp' is opened by 16620@DESKTOP-GNV5VMN

[2020-11-15 17:44:05 #2 type] 
Type domain.Question is not enhanced.

[2020-11-15 17:44:05 #3 type] 
Type domain.Event is not enhanced.

[2020-11-15 17:44:05 #4 type] 
Type domain.User is not enhanced.

[2020-11-15 17:44:05 #5 type] 
Type domain.Mugimenduak is not enhanced.

[2020-11-15 17:44:05 #6 type] 
Type domain.ApustuAnizkoitza is not enhanced.

[2020-11-15 17:44:05 #7 type] 
Type domain.Apustua is not enhanced.

[2020-11-15 17:44:05 #8 type] 
Type domain.Kuota is not enhanced.

------------------------------------------------------------------------------------------------------------------------

[2020-11-15 17:44:28 #1 store] 
Database 'C:\Users\galan\eclipse-workspace\Bets2021-Berria\src\main\resources\bets.temp' is opened by 1752@DESKTOP-GNV5VMN

[2020-11-15 17:44:29 #2 type] 
Type domain.Question is not enhanced.

[2020-11-15 17:44:29 #3 type] 
Type domain.Event is not enhanced.

[2020-11-15 17:44:29 #4 type] 
Type domain.User is not enhanced.

[2020-11-15 17:44:29 #5 type] 
Type domain.Mugimenduak is not enhanced.

[2020-11-15 17:44:29 #6 type] 
Type domain.ApustuAnizkoitza is not enhanced.

[2020-11-15 17:44:29 #7 type] 
Type domain.Apustua is not enhanced.

[2020-11-15 17:44:29 #8 type] 
Type domain.Kuota is not enhanced.

------------------------------------------------------------------------------------------------------------------------

[2020-11-15 17:45:05 #1 store] 
Database 'C:\Users\galan\eclipse-workspace\Bets2021-Berria\src\main\resources\bets.temp' is opened by 21380@DESKTOP-GNV5VMN

[2020-11-15 17:45:06 #2 type] 
Type domain.Question is not enhanced.

[2020-11-15 17:45:06 #3 type] 
Type domain.Event is not enhanced.

[2020-11-15 17:45:06 #4 type] 
Type domain.User is not enhanced.

[2020-11-15 17:45:06 #5 type] 
Type domain.Mugimenduak is not enhanced.

[2020-11-15 17:45:06 #6 type] 
Type domain.ApustuAnizkoitza is not enhanced.

[2020-11-15 17:45:06 #7 type] 
Type domain.Apustua is not enhanced.

[2020-11-15 17:45:06 #8 type] 
Type domain.Kuota is not enhanced.

------------------------------------------------------------------------------------------------------------------------

[2020-11-15 17:45:21 #1 store] 
Database 'C:\Users\galan\eclipse-workspace\Bets2021-Berria\src\main\resources\bets.temp' is opened by 21284@DESKTOP-GNV5VMN

[2020-11-15 17:45:21 #2 type] 
Type domain.Question is not enhanced.

[2020-11-15 17:45:21 #3 type] 
Type domain.Event is not enhanced.

[2020-11-15 17:45:21 #4 type] 
Type domain.User is not enhanced.

[2020-11-15 17:45:21 #5 type] 
Type domain.Mugimenduak is not enhanced.

[2020-11-15 17:45:21 #6 type] 
Type domain.ApustuAnizkoitza is not enhanced.

[2020-11-15 17:45:21 #7 type] 
Type domain.Apustua is not enhanced.

[2020-11-15 17:45:21 #8 type] 
Type domain.Kuota is not enhanced.

------------------------------------------------------------------------------------------------------------------------

[2020-11-15 17:47:35 #1 store] 
Database 'C:\Users\galan\eclipse-workspace\Bets2021-Berria\src\main\resources\bets.temp' is opened by 7988@DESKTOP-GNV5VMN

[2020-11-15 17:47:36 #2 type] 
Type domain.Question is not enhanced.

[2020-11-15 17:47:36 #3 type] 
Type domain.Event is not enhanced.

[2020-11-15 17:47:36 #4 type] 
Type domain.User is not enhanced.

[2020-11-15 17:47:36 #5 type] 
Type domain.Mugimenduak is not enhanced.

[2020-11-15 17:47:36 #6 type] 
Type domain.ApustuAnizkoitza is not enhanced.

[2020-11-15 17:47:36 #7 type] 
Type domain.Apustua is not enhanced.

[2020-11-15 17:47:36 #8 type] 
Type domain.Kuota is not enhanced.

------------------------------------------------------------------------------------------------------------------------

[2020-11-15 17:51:16 #1 store] 
Database 'C:\Users\galan\eclipse-workspace\Bets2021-Berria\src\main\resources\bets.temp' is opened by 18364@DESKTOP-GNV5VMN

[2020-11-15 17:51:16 #2 type] 
Type domain.Question is not enhanced.

[2020-11-15 17:51:16 #3 type] 
Type domain.Event is not enhanced.

[2020-11-15 17:51:16 #4 type] 
Type domain.User is not enhanced.

[2020-11-15 17:51:16 #5 type] 
Type domain.Mugimenduak is not enhanced.

[2020-11-15 17:51:16 #6 type] 
Type domain.ApustuAnizkoitza is not enhanced.

[2020-11-15 17:51:16 #7 type] 
Type domain.Apustua is not enhanced.

[2020-11-15 17:51:16 #8 type] 
Type domain.Kuota is not enhanced.

------------------------------------------------------------------------------------------------------------------------

[2020-11-15 17:52:23 #1 store] 
Database 'C:\Users\galan\eclipse-workspace\Bets2021-Berria\src\main\resources\bets.temp' is opened by 952@DESKTOP-GNV5VMN

[2020-11-15 17:52:23 #2 type] 
Type domain.Question is not enhanced.

[2020-11-15 17:52:23 #3 type] 
Type domain.Event is not enhanced.

[2020-11-15 17:52:23 #4 type] 
Type domain.User is not enhanced.

[2020-11-15 17:52:23 #5 type] 
Type domain.Mugimenduak is not enhanced.

[2020-11-15 17:52:23 #6 type] 
Type domain.ApustuAnizkoitza is not enhanced.

[2020-11-15 17:52:23 #7 type] 
Type domain.Apustua is not enhanced.

[2020-11-15 17:52:23 #8 type] 
Type domain.Kuota is not enhanced.

------------------------------------------------------------------------------------------------------------------------

[2020-11-15 17:52:31 #1 store] 
Database 'C:\Users\galan\eclipse-workspace\Bets2021-Berria\src\main\resources\bets.temp' is opened by 15600@DESKTOP-GNV5VMN

[2020-11-15 17:52:31 #2 type] 
Type domain.Question is not enhanced.

[2020-11-15 17:52:31 #3 type] 
Type domain.Event is not enhanced.

[2020-11-15 17:52:31 #4 type] 
Type domain.User is not enhanced.

[2020-11-15 17:52:31 #5 type] 
Type domain.Mugimenduak is not enhanced.

[2020-11-15 17:52:31 #6 type] 
Type domain.ApustuAnizkoitza is not enhanced.

[2020-11-15 17:52:31 #7 type] 
Type domain.Apustua is not enhanced.

[2020-11-15 17:52:31 #8 type] 
Type domain.Kuota is not enhanced.

------------------------------------------------------------------------------------------------------------------------

[2020-11-15 17:53:05 #1 store] 
Database 'C:\Users\galan\eclipse-workspace\Bets2021-Berria\src\main\resources\bets.temp' is opened by 3088@DESKTOP-GNV5VMN

[2020-11-15 17:53:05 #2 type] 
Type domain.Question is not enhanced.

[2020-11-15 17:53:05 #3 type] 
Type domain.Event is not enhanced.

[2020-11-15 17:53:05 #4 type] 
Type domain.User is not enhanced.

[2020-11-15 17:53:05 #5 type] 
Type domain.Mugimenduak is not enhanced.

[2020-11-15 17:53:05 #6 type] 
Type domain.ApustuAnizkoitza is not enhanced.

[2020-11-15 17:53:05 #7 type] 
Type domain.Apustua is not enhanced.

[2020-11-15 17:53:05 #8 type] 
Type domain.Kuota is not enhanced.

------------------------------------------------------------------------------------------------------------------------

[2020-11-15 17:53:13 #1 store] 
Database 'C:\Users\galan\eclipse-workspace\Bets2021-Berria\src\main\resources\bets.temp' is opened by 1384@DESKTOP-GNV5VMN

[2020-11-15 17:53:13 #2 type] 
Type domain.Question is not enhanced.

[2020-11-15 17:53:13 #3 type] 
Type domain.Event is not enhanced.

[2020-11-15 17:53:13 #4 type] 
Type domain.User is not enhanced.

[2020-11-15 17:53:13 #5 type] 
Type domain.Mugimenduak is not enhanced.

[2020-11-15 17:53:13 #6 type] 
Type domain.ApustuAnizkoitza is not enhanced.

[2020-11-15 17:53:13 #7 type] 
Type domain.Apustua is not enhanced.

[2020-11-15 17:53:13 #8 type] 
Type domain.Kuota is not enhanced.

------------------------------------------------------------------------------------------------------------------------

[2020-11-15 17:53:32 #1 store] 
Database 'C:\Users\galan\eclipse-workspace\Bets2021-Berria\src\main\resources\bets.temp' is opened by 17020@DESKTOP-GNV5VMN

[2020-11-15 17:53:33 #2 type] 
Type domain.Question is not enhanced.

[2020-11-15 17:53:33 #3 type] 
Type domain.Event is not enhanced.

[2020-11-15 17:53:33 #4 type] 
Type domain.User is not enhanced.

[2020-11-15 17:53:33 #5 type] 
Type domain.Mugimenduak is not enhanced.

[2020-11-15 17:53:33 #6 type] 
Type domain.ApustuAnizkoitza is not enhanced.

[2020-11-15 17:53:33 #7 type] 
Type domain.Apustua is not enhanced.

[2020-11-15 17:53:33 #8 type] 
Type domain.Kuota is not enhanced.

------------------------------------------------------------------------------------------------------------------------

[2020-11-15 17:53:52 #1 store] 
Database 'C:\Users\galan\eclipse-workspace\Bets2021-Berria\src\main\resources\bets.temp' is opened by 20916@DESKTOP-GNV5VMN

[2020-11-15 17:53:52 #2 type] 
Type domain.Question is not enhanced.

[2020-11-15 17:53:52 #3 type] 
Type domain.Event is not enhanced.

[2020-11-15 17:53:52 #4 type] 
Type domain.User is not enhanced.

[2020-11-15 17:53:52 #5 type] 
Type domain.Mugimenduak is not enhanced.

[2020-11-15 17:53:52 #6 type] 
Type domain.ApustuAnizkoitza is not enhanced.

[2020-11-15 17:53:52 #7 type] 
Type domain.Apustua is not enhanced.

[2020-11-15 17:53:52 #8 type] 
Type domain.Kuota is not enhanced.

------------------------------------------------------------------------------------------------------------------------

[2020-11-15 17:53:59 #1 store] 
Database 'C:\Users\galan\eclipse-workspace\Bets2021-Berria\src\main\resources\bets.temp' is opened by 16772@DESKTOP-GNV5VMN

[2020-11-15 17:53:59 #2 type] 
Type domain.Question is not enhanced.

[2020-11-15 17:53:59 #3 type] 
Type domain.Event is not enhanced.

[2020-11-15 17:53:59 #4 type] 
Type domain.User is not enhanced.

[2020-11-15 17:53:59 #5 type] 
Type domain.Mugimenduak is not enhanced.

[2020-11-15 17:53:59 #6 type] 
Type domain.ApustuAnizkoitza is not enhanced.

[2020-11-15 17:53:59 #7 type] 
Type domain.Apustua is not enhanced.

[2020-11-15 17:53:59 #8 type] 
Type domain.Kuota is not enhanced.

------------------------------------------------------------------------------------------------------------------------

[2020-11-15 18:03:24 #1 store] 
Database 'C:\Users\galan\eclipse-workspace\Bets2021-Berria\src\main\resources\bets.temp' is opened by 15460@DESKTOP-GNV5VMN

[2020-11-15 18:03:24 #2 type] 
Type domain.Question is not enhanced.

[2020-11-15 18:03:24 #3 type] 
Type domain.Event is not enhanced.

[2020-11-15 18:03:24 #4 type] 
Type domain.User is not enhanced.

[2020-11-15 18:03:24 #5 type] 
Type domain.Mugimenduak is not enhanced.

[2020-11-15 18:03:24 #6 type] 
Type domain.ApustuAnizkoitza is not enhanced.

[2020-11-15 18:03:24 #7 type] 
Type domain.Apustua is not enhanced.

[2020-11-15 18:03:24 #8 type] 
Type domain.Kuota is not enhanced.

------------------------------------------------------------------------------------------------------------------------

[2020-11-15 18:03:33 #1 store] 
Database 'C:\Users\galan\eclipse-workspace\Bets2021-Berria\src\main\resources\bets.temp' is opened by 14000@DESKTOP-GNV5VMN

[2020-11-15 18:03:33 #2 type] 
Type domain.Question is not enhanced.

[2020-11-15 18:03:33 #3 type] 
Type domain.Event is not enhanced.

[2020-11-15 18:03:33 #4 type] 
Type domain.User is not enhanced.

[2020-11-15 18:03:33 #5 type] 
Type domain.Mugimenduak is not enhanced.

[2020-11-15 18:03:33 #6 type] 
Type domain.ApustuAnizkoitza is not enhanced.

[2020-11-15 18:03:33 #7 type] 
Type domain.Apustua is not enhanced.

[2020-11-15 18:03:33 #8 type] 
Type domain.Kuota is not enhanced.

------------------------------------------------------------------------------------------------------------------------

[2020-11-15 18:15:37 #1 store] 
Database 'C:\Users\galan\eclipse-workspace\Bets2021-Berria\src\main\resources\bets.temp' is opened by 18220@DESKTOP-GNV5VMN

[2020-11-15 18:15:37 #2 type] 
Type domain.Question is not enhanced.

[2020-11-15 18:15:37 #3 type] 
Type domain.Event is not enhanced.

[2020-11-15 18:15:37 #4 type] 
Type domain.User is not enhanced.

[2020-11-15 18:15:37 #5 type] 
Type domain.Mugimenduak is not enhanced.

[2020-11-15 18:15:37 #6 type] 
Type domain.ApustuAnizkoitza is not enhanced.

[2020-11-15 18:15:37 #7 type] 
Type domain.Apustua is not enhanced.

[2020-11-15 18:15:37 #8 type] 
Type domain.Kuota is not enhanced.

------------------------------------------------------------------------------------------------------------------------

[2020-11-15 18:16:25 #1 store] 
Database 'C:\Users\galan\eclipse-workspace\Bets2021-Berria\src\main\resources\bets.temp' is opened by 8848@DESKTOP-GNV5VMN

[2020-11-15 18:16:25 #2 type] 
Type domain.Question is not enhanced.

[2020-11-15 18:16:25 #3 type] 
Type domain.Event is not enhanced.

[2020-11-15 18:16:25 #4 type] 
Type domain.User is not enhanced.

[2020-11-15 18:16:25 #5 type] 
Type domain.Mugimenduak is not enhanced.

[2020-11-15 18:16:25 #6 type] 
Type domain.ApustuAnizkoitza is not enhanced.

[2020-11-15 18:16:25 #7 type] 
Type domain.Apustua is not enhanced.

[2020-11-15 18:16:25 #8 type] 
Type domain.Kuota is not enhanced.

------------------------------------------------------------------------------------------------------------------------

[2020-11-15 18:18:40 #1 store] 
Database 'C:\Users\galan\eclipse-workspace\Bets2021-Berria\src\main\resources\bets.temp' is opened by 15924@DESKTOP-GNV5VMN

[2020-11-15 18:18:40 #2 type] 
Type domain.Question is not enhanced.

[2020-11-15 18:18:40 #3 type] 
Type domain.Event is not enhanced.

[2020-11-15 18:18:40 #4 type] 
Type domain.User is not enhanced.

[2020-11-15 18:18:40 #5 type] 
Type domain.Mugimenduak is not enhanced.

[2020-11-15 18:18:40 #6 type] 
Type domain.ApustuAnizkoitza is not enhanced.

[2020-11-15 18:18:40 #7 type] 
Type domain.Apustua is not enhanced.

[2020-11-15 18:18:40 #8 type] 
Type domain.Kuota is not enhanced.

------------------------------------------------------------------------------------------------------------------------

[2020-11-15 18:32:57 #1 store] 
Database 'C:\Users\galan\eclipse-workspace\Bets2021-Berria\src\main\resources\bets.temp' is opened by 21184@DESKTOP-GNV5VMN

[2020-11-15 18:32:57 #2 type] 
Type domain.Question is not enhanced.

[2020-11-15 18:32:57 #3 type] 
Type domain.Event is not enhanced.

[2020-11-15 18:32:57 #4 type] 
Type domain.User is not enhanced.

[2020-11-15 18:32:57 #5 type] 
Type domain.Mugimenduak is not enhanced.

[2020-11-15 18:32:57 #6 type] 
Type domain.ApustuAnizkoitza is not enhanced.

[2020-11-15 18:32:57 #7 type] 
Type domain.Apustua is not enhanced.

[2020-11-15 18:32:57 #8 type] 
Type domain.Kuota is not enhanced.

------------------------------------------------------------------------------------------------------------------------

[2020-11-15 18:34:09 #1 store] 
Database 'C:\Users\galan\eclipse-workspace\Bets2021-Berria\src\main\resources\bets.temp' is opened by 8340@DESKTOP-GNV5VMN

[2020-11-15 18:34:09 #2 type] 
Type domain.Question is not enhanced.

[2020-11-15 18:34:09 #3 type] 
Type domain.Event is not enhanced.

[2020-11-15 18:34:09 #4 type] 
Type domain.User is not enhanced.

[2020-11-15 18:34:09 #5 type] 
Type domain.Mugimenduak is not enhanced.

[2020-11-15 18:34:09 #6 type] 
Type domain.ApustuAnizkoitza is not enhanced.

[2020-11-15 18:34:09 #7 type] 
Type domain.Apustua is not enhanced.

[2020-11-15 18:34:09 #8 type] 
Type domain.Kuota is not enhanced.

------------------------------------------------------------------------------------------------------------------------

[2020-11-15 18:41:01 #1 store] 
Database 'C:\Users\galan\eclipse-workspace\Bets2021-Berria\src\main\resources\bets.temp' is opened by 8060@DESKTOP-GNV5VMN

[2020-11-15 18:41:02 #2 type] 
Type domain.Question is not enhanced.

[2020-11-15 18:41:02 #3 type] 
Type domain.Event is not enhanced.

[2020-11-15 18:41:02 #4 type] 
Type domain.User is not enhanced.

[2020-11-15 18:41:02 #5 type] 
Type domain.Mugimenduak is not enhanced.

[2020-11-15 18:41:02 #6 type] 
Type domain.ApustuAnizkoitza is not enhanced.

[2020-11-15 18:41:02 #7 type] 
Type domain.Apustua is not enhanced.

[2020-11-15 18:41:02 #8 type] 
Type domain.Kuota is not enhanced.

------------------------------------------------------------------------------------------------------------------------

[2020-11-15 18:46:08 #1 store] 
Database 'C:\Users\galan\eclipse-workspace\Bets2021-Berria\src\main\resources\bets.temp' has been recovered (tr. 520-520)

[2020-11-15 18:46:08 #2 store] 
Database 'C:\Users\galan\eclipse-workspace\Bets2021-Berria\src\main\resources\bets.temp' is opened by 15088@DESKTOP-GNV5VMN

[2020-11-15 18:46:08 #3 type] 
Type domain.Question is not enhanced.

[2020-11-15 18:46:08 #4 type] 
Type domain.Event is not enhanced.

[2020-11-15 18:46:08 #5 type] 
Type domain.User is not enhanced.

[2020-11-15 18:46:08 #6 type] 
Type domain.Mugimenduak is not enhanced.

[2020-11-15 18:46:08 #7 type] 
Type domain.ApustuAnizkoitza is not enhanced.

[2020-11-15 18:46:08 #8 type] 
Type domain.Apustua is not enhanced.

[2020-11-15 18:46:08 #9 type] 
Type domain.Kuota is not enhanced.

------------------------------------------------------------------------------------------------------------------------

[2020-11-15 18:47:36 #1 store] 
Database 'C:\Users\galan\eclipse-workspace\Bets2021-Berria\src\main\resources\bets.temp' is opened by 5324@DESKTOP-GNV5VMN

[2020-11-15 18:47:36 #2 type] 
Type domain.Question is not enhanced.

[2020-11-15 18:47:36 #3 type] 
Type domain.Event is not enhanced.

[2020-11-15 18:47:36 #4 type] 
Type domain.User is not enhanced.

[2020-11-15 18:47:36 #5 type] 
Type domain.Mugimenduak is not enhanced.

[2020-11-15 18:47:36 #6 type] 
Type domain.ApustuAnizkoitza is not enhanced.

[2020-11-15 18:47:36 #7 type] 
Type domain.Apustua is not enhanced.

[2020-11-15 18:47:36 #8 type] 
Type domain.Kuota is not enhanced.

------------------------------------------------------------------------------------------------------------------------

[2020-11-15 18:52:42 #1 store] 
Database 'C:\Users\galan\eclipse-workspace\Bets2021-Berria\src\main\resources\bets.temp' is opened by 2656@DESKTOP-GNV5VMN

[2020-11-15 18:52:42 #2 type] 
Type domain.Question is not enhanced.

[2020-11-15 18:52:42 #3 type] 
Type domain.Event is not enhanced.

[2020-11-15 18:52:42 #4 type] 
Type domain.User is not enhanced.

[2020-11-15 18:52:42 #5 type] 
Type domain.Mugimenduak is not enhanced.

[2020-11-15 18:52:42 #6 type] 
Type domain.ApustuAnizkoitza is not enhanced.

[2020-11-15 18:52:42 #7 type] 
Type domain.Apustua is not enhanced.

[2020-11-15 18:52:42 #8 type] 
Type domain.Kuota is not enhanced.

------------------------------------------------------------------------------------------------------------------------

[2020-11-15 18:52:54 #1 store] 
Database 'C:\Users\galan\eclipse-workspace\Bets2021-Berria\src\main\resources\bets.temp' is opened by 1492@DESKTOP-GNV5VMN

[2020-11-15 18:52:55 #2 type] 
Type domain.Question is not enhanced.

[2020-11-15 18:52:55 #3 type] 
Type domain.Event is not enhanced.

[2020-11-15 18:52:55 #4 type] 
Type domain.User is not enhanced.

[2020-11-15 18:52:55 #5 type] 
Type domain.Mugimenduak is not enhanced.

[2020-11-15 18:52:55 #6 type] 
Type domain.ApustuAnizkoitza is not enhanced.

[2020-11-15 18:52:55 #7 type] 
Type domain.Apustua is not enhanced.

[2020-11-15 18:52:55 #8 type] 
Type domain.Kuota is not enhanced.

------------------------------------------------------------------------------------------------------------------------

[2020-11-15 18:55:34 #1 store] 
Database 'C:\Users\galan\eclipse-workspace\Bets2021-Berria\src\main\resources\bets.temp' is opened by 7540@DESKTOP-GNV5VMN

[2020-11-15 18:55:34 #2 type] 
Type domain.Question is not enhanced.

[2020-11-15 18:55:34 #3 type] 
Type domain.Event is not enhanced.

[2020-11-15 18:55:34 #4 type] 
Type domain.User is not enhanced.

[2020-11-15 18:55:34 #5 type] 
Type domain.Mugimenduak is not enhanced.

[2020-11-15 18:55:34 #6 type] 
Type domain.ApustuAnizkoitza is not enhanced.

[2020-11-15 18:55:34 #7 type] 
Type domain.Apustua is not enhanced.

[2020-11-15 18:55:34 #8 type] 
Type domain.Kuota is not enhanced.

------------------------------------------------------------------------------------------------------------------------

[2020-11-15 18:55:55 #1 store] 
Database 'C:\Users\galan\eclipse-workspace\Bets2021-Berria\src\main\resources\bets.temp' is opened by 2140@DESKTOP-GNV5VMN

[2020-11-15 18:55:55 #2 type] 
Type domain.Question is not enhanced.

[2020-11-15 18:55:55 #3 type] 
Type domain.Event is not enhanced.

[2020-11-15 18:55:55 #4 type] 
Type domain.User is not enhanced.

[2020-11-15 18:55:55 #5 type] 
Type domain.Mugimenduak is not enhanced.

[2020-11-15 18:55:55 #6 type] 
Type domain.ApustuAnizkoitza is not enhanced.

[2020-11-15 18:55:55 #7 type] 
Type domain.Apustua is not enhanced.

[2020-11-15 18:55:55 #8 type] 
Type domain.Kuota is not enhanced.

------------------------------------------------------------------------------------------------------------------------

[2020-11-15 18:56:19 #1 store] 
Database 'C:\Users\galan\eclipse-workspace\Bets2021-Berria\src\main\resources\bets.temp' is opened by 15752@DESKTOP-GNV5VMN

[2020-11-15 18:56:20 #2 type] 
Type domain.Question is not enhanced.

[2020-11-15 18:56:20 #3 type] 
Type domain.Event is not enhanced.

[2020-11-15 18:56:20 #4 type] 
Type domain.User is not enhanced.

[2020-11-15 18:56:20 #5 type] 
Type domain.Mugimenduak is not enhanced.

[2020-11-15 18:56:20 #6 type] 
Type domain.ApustuAnizkoitza is not enhanced.

[2020-11-15 18:56:20 #7 type] 
Type domain.Apustua is not enhanced.

[2020-11-15 18:56:20 #8 type] 
Type domain.Kuota is not enhanced.

------------------------------------------------------------------------------------------------------------------------

[2020-11-15 19:01:46 #1 store] 
Database 'C:\Users\galan\eclipse-workspace\Bets2021-Berria\src\main\resources\bets.temp' is opened by 6452@DESKTOP-GNV5VMN

[2020-11-15 19:01:47 #2 type] 
Type domain.Question is not enhanced.

[2020-11-15 19:01:47 #3 type] 
Type domain.Event is not enhanced.

[2020-11-15 19:01:47 #4 type] 
Type domain.User is not enhanced.

[2020-11-15 19:01:47 #5 type] 
Type domain.Mugimenduak is not enhanced.

[2020-11-15 19:01:47 #6 type] 
Type domain.ApustuAnizkoitza is not enhanced.

[2020-11-15 19:01:47 #7 type] 
Type domain.Apustua is not enhanced.

[2020-11-15 19:01:47 #8 type] 
Type domain.Kuota is not enhanced.

------------------------------------------------------------------------------------------------------------------------

[2020-11-15 19:03:09 #1 store] 
Database 'C:\Users\galan\eclipse-workspace\Bets2021-Berria\src\main\resources\bets.temp' is opened by 12948@DESKTOP-GNV5VMN

[2020-11-15 19:03:10 #2 type] 
Type domain.Question is not enhanced.

[2020-11-15 19:03:10 #3 type] 
Type domain.Event is not enhanced.

[2020-11-15 19:03:10 #4 type] 
Type domain.User is not enhanced.

[2020-11-15 19:03:10 #5 type] 
Type domain.Mugimenduak is not enhanced.

[2020-11-15 19:03:10 #6 type] 
Type domain.ApustuAnizkoitza is not enhanced.

[2020-11-15 19:03:10 #7 type] 
Type domain.Apustua is not enhanced.

[2020-11-15 19:03:10 #8 type] 
Type domain.Kuota is not enhanced.

------------------------------------------------------------------------------------------------------------------------

[2020-11-15 19:04:19 #1 store] 
Database 'C:\Users\galan\eclipse-workspace\Bets2021-Berria\src\main\resources\bets.temp' is opened by 17892@DESKTOP-GNV5VMN

[2020-11-15 19:04:19 #2 type] 
Type domain.Question is not enhanced.

[2020-11-15 19:04:19 #3 type] 
Type domain.Event is not enhanced.

[2020-11-15 19:04:19 #4 type] 
Type domain.User is not enhanced.

[2020-11-15 19:04:19 #5 type] 
Type domain.Mugimenduak is not enhanced.

[2020-11-15 19:04:19 #6 type] 
Type domain.ApustuAnizkoitza is not enhanced.

[2020-11-15 19:04:19 #7 type] 
Type domain.Apustua is not enhanced.

[2020-11-15 19:04:19 #8 type] 
Type domain.Kuota is not enhanced.

------------------------------------------------------------------------------------------------------------------------

[2020-11-15 19:04:49 #1 store] 
Database 'C:\Users\galan\eclipse-workspace\Bets2021-Berria\src\main\resources\bets.temp' is opened by 6644@DESKTOP-GNV5VMN

[2020-11-15 19:04:49 #2 type] 
Type domain.Question is not enhanced.

[2020-11-15 19:04:49 #3 type] 
Type domain.Event is not enhanced.

[2020-11-15 19:04:49 #4 type] 
Type domain.User is not enhanced.

[2020-11-15 19:04:49 #5 type] 
Type domain.Mugimenduak is not enhanced.

[2020-11-15 19:04:49 #6 type] 
Type domain.ApustuAnizkoitza is not enhanced.

[2020-11-15 19:04:49 #7 type] 
Type domain.Apustua is not enhanced.

[2020-11-15 19:04:49 #8 type] 
Type domain.Kuota is not enhanced.

------------------------------------------------------------------------------------------------------------------------

[2020-11-15 19:05:39 #1 store] 
Database 'C:\Users\galan\eclipse-workspace\Bets2021-Berria\src\main\resources\bets.temp' is opened by 19480@DESKTOP-GNV5VMN

[2020-11-15 19:05:39 #2 type] 
Type domain.Question is not enhanced.

[2020-11-15 19:05:39 #3 type] 
Type domain.Event is not enhanced.

[2020-11-15 19:05:39 #4 type] 
Type domain.User is not enhanced.

[2020-11-15 19:05:39 #5 type] 
Type domain.Mugimenduak is not enhanced.

[2020-11-15 19:05:39 #6 type] 
Type domain.ApustuAnizkoitza is not enhanced.

[2020-11-15 19:05:39 #7 type] 
Type domain.Apustua is not enhanced.

[2020-11-15 19:05:39 #8 type] 
Type domain.Kuota is not enhanced.

------------------------------------------------------------------------------------------------------------------------

[2020-11-15 19:06:37 #1 store] 
Database 'C:\Users\galan\eclipse-workspace\Bets2021-Berria\src\main\resources\bets.temp' is opened by 19192@DESKTOP-GNV5VMN

[2020-11-15 19:06:38 #2 type] 
Type domain.Question is not enhanced.

[2020-11-15 19:06:38 #3 type] 
Type domain.Event is not enhanced.

[2020-11-15 19:06:38 #4 type] 
Type domain.User is not enhanced.

[2020-11-15 19:06:38 #5 type] 
Type domain.Mugimenduak is not enhanced.

[2020-11-15 19:06:38 #6 type] 
Type domain.ApustuAnizkoitza is not enhanced.

[2020-11-15 19:06:38 #7 type] 
Type domain.Apustua is not enhanced.

[2020-11-15 19:06:38 #8 type] 
Type domain.Kuota is not enhanced.

------------------------------------------------------------------------------------------------------------------------

[2020-11-15 19:06:57 #1 store] 
Database 'C:\Users\galan\eclipse-workspace\Bets2021-Berria\src\main\resources\bets.temp' is opened by 8340@DESKTOP-GNV5VMN

[2020-11-15 19:06:57 #2 type] 
Type domain.Question is not enhanced.

[2020-11-15 19:06:57 #3 type] 
Type domain.Event is not enhanced.

[2020-11-15 19:06:57 #4 type] 
Type domain.User is not enhanced.

[2020-11-15 19:06:57 #5 type] 
Type domain.Mugimenduak is not enhanced.

[2020-11-15 19:06:57 #6 type] 
Type domain.ApustuAnizkoitza is not enhanced.

[2020-11-15 19:06:57 #7 type] 
Type domain.Apustua is not enhanced.

[2020-11-15 19:06:57 #8 type] 
Type domain.Kuota is not enhanced.

------------------------------------------------------------------------------------------------------------------------

[2020-11-15 19:07:35 #1 store] 
Database 'C:\Users\galan\eclipse-workspace\Bets2021-Berria\src\main\resources\bets.temp' is opened by 13500@DESKTOP-GNV5VMN

[2020-11-15 19:07:35 #2 type] 
Type domain.Question is not enhanced.

[2020-11-15 19:07:35 #3 type] 
Type domain.Event is not enhanced.

[2020-11-15 19:07:35 #4 type] 
Type domain.User is not enhanced.

[2020-11-15 19:07:35 #5 type] 
Type domain.Mugimenduak is not enhanced.

[2020-11-15 19:07:35 #6 type] 
Type domain.ApustuAnizkoitza is not enhanced.

[2020-11-15 19:07:35 #7 type] 
Type domain.Apustua is not enhanced.

[2020-11-15 19:07:35 #8 type] 
Type domain.Kuota is not enhanced.

------------------------------------------------------------------------------------------------------------------------

[2020-11-15 19:07:48 #1 store] 
Database 'C:\Users\galan\eclipse-workspace\Bets2021-Berria\src\main\resources\bets.temp' is opened by 18692@DESKTOP-GNV5VMN

[2020-11-15 19:07:48 #2 type] 
Type domain.Question is not enhanced.

[2020-11-15 19:07:48 #3 type] 
Type domain.Event is not enhanced.

[2020-11-15 19:07:48 #4 type] 
Type domain.User is not enhanced.

[2020-11-15 19:07:48 #5 type] 
Type domain.Mugimenduak is not enhanced.

[2020-11-15 19:07:48 #6 type] 
Type domain.ApustuAnizkoitza is not enhanced.

[2020-11-15 19:07:48 #7 type] 
Type domain.Apustua is not enhanced.

[2020-11-15 19:07:48 #8 type] 
Type domain.Kuota is not enhanced.

------------------------------------------------------------------------------------------------------------------------

[2020-11-15 19:09:13 #1 store] 
Database 'C:\Users\galan\eclipse-workspace\Bets2021-Berria\src\main\resources\bets.temp' is opened by 9316@DESKTOP-GNV5VMN

[2020-11-15 19:09:13 #2 type] 
Type domain.Question is not enhanced.

[2020-11-15 19:09:13 #3 type] 
Type domain.Event is not enhanced.

[2020-11-15 19:09:13 #4 type] 
Type domain.User is not enhanced.

[2020-11-15 19:09:13 #5 type] 
Type domain.Mugimenduak is not enhanced.

[2020-11-15 19:09:13 #6 type] 
Type domain.ApustuAnizkoitza is not enhanced.

[2020-11-15 19:09:13 #7 type] 
Type domain.Apustua is not enhanced.

[2020-11-15 19:09:13 #8 type] 
Type domain.Kuota is not enhanced.

------------------------------------------------------------------------------------------------------------------------

[2020-11-15 19:09:34 #1 store] 
Database 'C:\Users\galan\eclipse-workspace\Bets2021-Berria\src\main\resources\bets.temp' is opened by 17356@DESKTOP-GNV5VMN

[2020-11-15 19:09:35 #2 type] 
Type domain.Question is not enhanced.

[2020-11-15 19:09:35 #3 type] 
Type domain.Event is not enhanced.

[2020-11-15 19:09:35 #4 type] 
Type domain.User is not enhanced.

[2020-11-15 19:09:35 #5 type] 
Type domain.Mugimenduak is not enhanced.

[2020-11-15 19:09:35 #6 type] 
Type domain.ApustuAnizkoitza is not enhanced.

[2020-11-15 19:09:35 #7 type] 
Type domain.Apustua is not enhanced.

[2020-11-15 19:09:35 #8 type] 
Type domain.Kuota is not enhanced.

------------------------------------------------------------------------------------------------------------------------

[2020-11-15 19:10:14 #1 store] 
Database 'C:\Users\galan\eclipse-workspace\Bets2021-Berria\src\main\resources\bets.temp' is opened by 18288@DESKTOP-GNV5VMN

[2020-11-15 19:10:14 #2 type] 
Type domain.Question is not enhanced.

[2020-11-15 19:10:14 #3 type] 
Type domain.Event is not enhanced.

[2020-11-15 19:10:14 #4 type] 
Type domain.User is not enhanced.

[2020-11-15 19:10:14 #5 type] 
Type domain.Mugimenduak is not enhanced.

[2020-11-15 19:10:14 #6 type] 
Type domain.ApustuAnizkoitza is not enhanced.

[2020-11-15 19:10:14 #7 type] 
Type domain.Apustua is not enhanced.

[2020-11-15 19:10:14 #8 type] 
Type domain.Kuota is not enhanced.

------------------------------------------------------------------------------------------------------------------------

[2020-11-15 19:10:23 #1 store] 
Database 'C:\Users\galan\eclipse-workspace\Bets2021-Berria\src\main\resources\bets.temp' is opened by 14200@DESKTOP-GNV5VMN

[2020-11-15 19:10:23 #2 type] 
Type domain.Question is not enhanced.

[2020-11-15 19:10:23 #3 type] 
Type domain.Event is not enhanced.

[2020-11-15 19:10:23 #4 type] 
Type domain.User is not enhanced.

[2020-11-15 19:10:23 #5 type] 
Type domain.Mugimenduak is not enhanced.

[2020-11-15 19:10:23 #6 type] 
Type domain.ApustuAnizkoitza is not enhanced.

[2020-11-15 19:10:23 #7 type] 
Type domain.Apustua is not enhanced.

[2020-11-15 19:10:23 #8 type] 
Type domain.Kuota is not enhanced.

------------------------------------------------------------------------------------------------------------------------

[2020-11-15 19:10:47 #1 store] 
Database 'C:\Users\galan\eclipse-workspace\Bets2021-Berria\src\main\resources\bets.temp' is opened by 5712@DESKTOP-GNV5VMN

[2020-11-15 19:10:47 #2 type] 
Type domain.Question is not enhanced.

[2020-11-15 19:10:47 #3 type] 
Type domain.Event is not enhanced.

[2020-11-15 19:10:47 #4 type] 
Type domain.User is not enhanced.

[2020-11-15 19:10:47 #5 type] 
Type domain.Mugimenduak is not enhanced.

[2020-11-15 19:10:47 #6 type] 
Type domain.ApustuAnizkoitza is not enhanced.

[2020-11-15 19:10:47 #7 type] 
Type domain.Apustua is not enhanced.

[2020-11-15 19:10:47 #8 type] 
Type domain.Kuota is not enhanced.

------------------------------------------------------------------------------------------------------------------------

[2020-11-15 19:12:44 #1 store] 
Database 'C:\Users\galan\eclipse-workspace\Bets2021-Berria\src\main\resources\bets.temp' is opened by 19604@DESKTOP-GNV5VMN

[2020-11-15 19:12:45 #2 type] 
Type domain.Question is not enhanced.

[2020-11-15 19:12:45 #3 type] 
Type domain.Event is not enhanced.

[2020-11-15 19:12:45 #4 type] 
Type domain.User is not enhanced.

[2020-11-15 19:12:45 #5 type] 
Type domain.Mugimenduak is not enhanced.

[2020-11-15 19:12:45 #6 type] 
Type domain.ApustuAnizkoitza is not enhanced.

[2020-11-15 19:12:45 #7 type] 
Type domain.Apustua is not enhanced.

[2020-11-15 19:12:45 #8 type] 
Type domain.Kuota is not enhanced.

------------------------------------------------------------------------------------------------------------------------

[2020-11-15 19:12:55 #1 store] 
Database 'C:\Users\galan\eclipse-workspace\Bets2021-Berria\src\main\resources\bets.temp' is opened by 5992@DESKTOP-GNV5VMN

[2020-11-15 19:12:55 #2 type] 
Type domain.Question is not enhanced.

[2020-11-15 19:12:55 #3 type] 
Type domain.Event is not enhanced.

[2020-11-15 19:12:55 #4 type] 
Type domain.User is not enhanced.

[2020-11-15 19:12:55 #5 type] 
Type domain.Mugimenduak is not enhanced.

[2020-11-15 19:12:55 #6 type] 
Type domain.ApustuAnizkoitza is not enhanced.

[2020-11-15 19:12:55 #7 type] 
Type domain.Apustua is not enhanced.

[2020-11-15 19:12:55 #8 type] 
Type domain.Kuota is not enhanced.

------------------------------------------------------------------------------------------------------------------------

[2020-11-15 19:14:29 #1 store] 
Database 'C:\Users\galan\eclipse-workspace\Bets2021-Berria\src\main\resources\bets.temp' is opened by 3268@DESKTOP-GNV5VMN

[2020-11-15 19:14:30 #2 type] 
Type domain.Question is not enhanced.

[2020-11-15 19:14:30 #3 type] 
Type domain.Event is not enhanced.

[2020-11-15 19:14:30 #4 type] 
Type domain.User is not enhanced.

[2020-11-15 19:14:30 #5 type] 
Type domain.Mugimenduak is not enhanced.

[2020-11-15 19:14:30 #6 type] 
Type domain.ApustuAnizkoitza is not enhanced.

[2020-11-15 19:14:30 #7 type] 
Type domain.Apustua is not enhanced.

[2020-11-15 19:14:30 #8 type] 
Type domain.Kuota is not enhanced.

------------------------------------------------------------------------------------------------------------------------

[2020-11-15 19:16:21 #1 store] 
Database 'C:\Users\galan\eclipse-workspace\Bets2021-Berria\src\main\resources\bets.temp' is opened by 20836@DESKTOP-GNV5VMN

[2020-11-15 19:16:21 #2 type] 
Type domain.Question is not enhanced.

[2020-11-15 19:16:21 #3 type] 
Type domain.Event is not enhanced.

[2020-11-15 19:16:21 #4 type] 
Type domain.User is not enhanced.

[2020-11-15 19:16:21 #5 type] 
Type domain.Mugimenduak is not enhanced.

[2020-11-15 19:16:21 #6 type] 
Type domain.ApustuAnizkoitza is not enhanced.

[2020-11-15 19:16:21 #7 type] 
Type domain.Apustua is not enhanced.

[2020-11-15 19:16:21 #8 type] 
Type domain.Kuota is not enhanced.

------------------------------------------------------------------------------------------------------------------------

[2020-11-15 19:21:01 #1 store] 
Database 'C:\Users\galan\eclipse-workspace\Bets2021-Berria\src\main\resources\bets.temp' is opened by 11720@DESKTOP-GNV5VMN

[2020-11-15 19:21:01 #2 type] 
Type domain.Question is not enhanced.

[2020-11-15 19:21:01 #3 type] 
Type domain.Event is not enhanced.

[2020-11-15 19:21:01 #4 type] 
Type domain.User is not enhanced.

[2020-11-15 19:21:01 #5 type] 
Type domain.Mugimenduak is not enhanced.

[2020-11-15 19:21:01 #6 type] 
Type domain.ApustuAnizkoitza is not enhanced.

[2020-11-15 19:21:01 #7 type] 
Type domain.Apustua is not enhanced.

[2020-11-15 19:21:01 #8 type] 
Type domain.Kuota is not enhanced.

------------------------------------------------------------------------------------------------------------------------

[2020-11-15 19:21:51 #1 store] 
Database 'C:\Users\galan\eclipse-workspace\Bets2021-Berria\src\main\resources\bets.temp' is opened by 16596@DESKTOP-GNV5VMN

[2020-11-15 19:21:51 #2 type] 
Type domain.Question is not enhanced.

[2020-11-15 19:21:51 #3 type] 
Type domain.Event is not enhanced.

[2020-11-15 19:21:51 #4 type] 
Type domain.User is not enhanced.

[2020-11-15 19:21:51 #5 type] 
Type domain.Mugimenduak is not enhanced.

[2020-11-15 19:21:51 #6 type] 
Type domain.ApustuAnizkoitza is not enhanced.

[2020-11-15 19:21:51 #7 type] 
Type domain.Apustua is not enhanced.

[2020-11-15 19:21:51 #8 type] 
Type domain.Kuota is not enhanced.

------------------------------------------------------------------------------------------------------------------------

[2020-11-15 19:33:21 #1 store] 
Database 'C:\Users\galan\eclipse-workspace\Bets2021-Berria\src\main\resources\bets.temp' is opened by 17128@DESKTOP-GNV5VMN

[2020-11-15 19:33:21 #2 type] 
Type domain.Question is not enhanced.

[2020-11-15 19:33:21 #3 type] 
Type domain.Event is not enhanced.

[2020-11-15 19:33:21 #4 type] 
Type domain.User is not enhanced.

[2020-11-15 19:33:21 #5 type] 
Type domain.Mugimenduak is not enhanced.

[2020-11-15 19:33:21 #6 type] 
Type domain.ApustuAnizkoitza is not enhanced.

[2020-11-15 19:33:21 #7 type] 
Type domain.Apustua is not enhanced.

[2020-11-15 19:33:21 #8 type] 
Type domain.Kuota is not enhanced.

------------------------------------------------------------------------------------------------------------------------

[2020-11-15 19:34:43 #1 store] 
Database 'C:\Users\galan\eclipse-workspace\Bets2021-Berria\src\main\resources\bets.temp' is opened by 17332@DESKTOP-GNV5VMN

[2020-11-15 19:34:43 #2 type] 
Type domain.Question is not enhanced.

[2020-11-15 19:34:43 #3 type] 
Type domain.Event is not enhanced.

[2020-11-15 19:34:43 #4 type] 
Type domain.User is not enhanced.

[2020-11-15 19:34:43 #5 type] 
Type domain.Mugimenduak is not enhanced.

[2020-11-15 19:34:43 #6 type] 
Type domain.ApustuAnizkoitza is not enhanced.

[2020-11-15 19:34:43 #7 type] 
Type domain.Apustua is not enhanced.

[2020-11-15 19:34:43 #8 type] 
Type domain.Kuota is not enhanced.

------------------------------------------------------------------------------------------------------------------------

[2020-11-15 19:35:04 #1 store] 
Database 'C:\Users\galan\eclipse-workspace\Bets2021-Berria\src\main\resources\bets.temp' is opened by 16044@DESKTOP-GNV5VMN

[2020-11-15 19:35:04 #2 type] 
Type domain.Question is not enhanced.

[2020-11-15 19:35:04 #3 type] 
Type domain.Event is not enhanced.

[2020-11-15 19:35:04 #4 type] 
Type domain.User is not enhanced.

[2020-11-15 19:35:04 #5 type] 
Type domain.Mugimenduak is not enhanced.

[2020-11-15 19:35:04 #6 type] 
Type domain.ApustuAnizkoitza is not enhanced.

[2020-11-15 19:35:04 #7 type] 
Type domain.Apustua is not enhanced.

[2020-11-15 19:35:04 #8 type] 
Type domain.Kuota is not enhanced.

------------------------------------------------------------------------------------------------------------------------

[2020-11-15 19:35:55 #1 store] 
Database 'C:\Users\galan\eclipse-workspace\Bets2021-Berria\src\main\resources\bets.temp' is opened by 17500@DESKTOP-GNV5VMN

[2020-11-15 19:35:56 #2 type] 
Type domain.Question is not enhanced.

[2020-11-15 19:35:56 #3 type] 
Type domain.Event is not enhanced.

[2020-11-15 19:35:56 #4 type] 
Type domain.User is not enhanced.

[2020-11-15 19:35:56 #5 type] 
Type domain.Mugimenduak is not enhanced.

[2020-11-15 19:35:56 #6 type] 
Type domain.ApustuAnizkoitza is not enhanced.

[2020-11-15 19:35:56 #7 type] 
Type domain.Apustua is not enhanced.

[2020-11-15 19:35:56 #8 type] 
Type domain.Kuota is not enhanced.

------------------------------------------------------------------------------------------------------------------------

[2020-11-15 19:37:35 #1 store] 
Database 'C:\Users\galan\eclipse-workspace\Bets2021-Berria\src\main\resources\bets.temp' is opened by 3168@DESKTOP-GNV5VMN

[2020-11-15 19:37:35 #2 type] 
Type domain.Question is not enhanced.

[2020-11-15 19:37:35 #3 type] 
Type domain.Event is not enhanced.

[2020-11-15 19:37:35 #4 type] 
Type domain.User is not enhanced.

[2020-11-15 19:37:35 #5 type] 
Type domain.Mugimenduak is not enhanced.

[2020-11-15 19:37:35 #6 type] 
Type domain.ApustuAnizkoitza is not enhanced.

[2020-11-15 19:37:35 #7 type] 
Type domain.Apustua is not enhanced.

[2020-11-15 19:37:35 #8 type] 
Type domain.Kuota is not enhanced.

------------------------------------------------------------------------------------------------------------------------

[2020-11-15 19:38:32 #1 store] 
Database 'C:\Users\galan\eclipse-workspace\Bets2021-Berria\src\main\resources\bets.temp' is opened by 21116@DESKTOP-GNV5VMN

[2020-11-15 19:38:33 #2 type] 
Type domain.Question is not enhanced.

[2020-11-15 19:38:33 #3 type] 
Type domain.Event is not enhanced.

[2020-11-15 19:38:33 #4 type] 
Type domain.User is not enhanced.

[2020-11-15 19:38:33 #5 type] 
Type domain.Mugimenduak is not enhanced.

[2020-11-15 19:38:33 #6 type] 
Type domain.ApustuAnizkoitza is not enhanced.

[2020-11-15 19:38:33 #7 type] 
Type domain.Apustua is not enhanced.

[2020-11-15 19:38:33 #8 type] 
Type domain.Kuota is not enhanced.

------------------------------------------------------------------------------------------------------------------------

[2020-11-15 19:39:43 #1 store] 
Database 'C:\Users\galan\eclipse-workspace\Bets2021-Berria\src\main\resources\bets.temp' is opened by 11008@DESKTOP-GNV5VMN

[2020-11-15 19:39:43 #2 type] 
Type domain.Question is not enhanced.

[2020-11-15 19:39:43 #3 type] 
Type domain.Event is not enhanced.

[2020-11-15 19:39:43 #4 type] 
Type domain.User is not enhanced.

[2020-11-15 19:39:43 #5 type] 
Type domain.Mugimenduak is not enhanced.

[2020-11-15 19:39:43 #6 type] 
Type domain.ApustuAnizkoitza is not enhanced.

[2020-11-15 19:39:43 #7 type] 
Type domain.Apustua is not enhanced.

[2020-11-15 19:39:43 #8 type] 
Type domain.Kuota is not enhanced.

------------------------------------------------------------------------------------------------------------------------

[2020-11-15 19:41:26 #1 store] 
Database 'C:\Users\galan\eclipse-workspace\Bets2021-Berria\src\main\resources\bets.temp' is opened by 20744@DESKTOP-GNV5VMN

[2020-11-15 19:41:26 #2 type] 
Type domain.Question is not enhanced.

[2020-11-15 19:41:26 #3 type] 
Type domain.Event is not enhanced.

[2020-11-15 19:41:26 #4 type] 
Type domain.User is not enhanced.

[2020-11-15 19:41:26 #5 type] 
Type domain.Mugimenduak is not enhanced.

[2020-11-15 19:41:26 #6 type] 
Type domain.ApustuAnizkoitza is not enhanced.

[2020-11-15 19:41:26 #7 type] 
Type domain.Apustua is not enhanced.

[2020-11-15 19:41:26 #8 type] 
Type domain.Kuota is not enhanced.

------------------------------------------------------------------------------------------------------------------------

[2020-11-15 19:42:15 #1 store] 
Database 'C:\Users\galan\eclipse-workspace\Bets2021-Berria\src\main\resources\bets.temp' is opened by 17360@DESKTOP-GNV5VMN

[2020-11-15 19:42:15 #2 type] 
Type domain.Question is not enhanced.

[2020-11-15 19:42:15 #3 type] 
Type domain.Event is not enhanced.

[2020-11-15 19:42:15 #4 type] 
Type domain.User is not enhanced.

[2020-11-15 19:42:15 #5 type] 
Type domain.Mugimenduak is not enhanced.

[2020-11-15 19:42:15 #6 type] 
Type domain.ApustuAnizkoitza is not enhanced.

[2020-11-15 19:42:15 #7 type] 
Type domain.Apustua is not enhanced.

[2020-11-15 19:42:15 #8 type] 
Type domain.Kuota is not enhanced.

------------------------------------------------------------------------------------------------------------------------

[2020-11-15 19:42:53 #1 store] 
Database 'C:\Users\galan\eclipse-workspace\Bets2021-Berria\src\main\resources\bets.temp' is opened by 14048@DESKTOP-GNV5VMN

[2020-11-15 19:42:53 #2 type] 
Type domain.Question is not enhanced.

[2020-11-15 19:42:53 #3 type] 
Type domain.Event is not enhanced.

[2020-11-15 19:42:53 #4 type] 
Type domain.User is not enhanced.

[2020-11-15 19:42:53 #5 type] 
Type domain.Mugimenduak is not enhanced.

[2020-11-15 19:42:53 #6 type] 
Type domain.ApustuAnizkoitza is not enhanced.

[2020-11-15 19:42:53 #7 type] 
Type domain.Apustua is not enhanced.

[2020-11-15 19:42:53 #8 type] 
Type domain.Kuota is not enhanced.

------------------------------------------------------------------------------------------------------------------------

[2020-11-15 19:45:44 #1 store] 
Database 'C:\Users\galan\eclipse-workspace\Bets2021-Berria\src\main\resources\bets.temp' is opened by 11608@DESKTOP-GNV5VMN

[2020-11-15 19:45:44 #2 type] 
Type domain.Question is not enhanced.

[2020-11-15 19:45:44 #3 type] 
Type domain.Event is not enhanced.

[2020-11-15 19:45:44 #4 type] 
Type domain.User is not enhanced.

[2020-11-15 19:45:44 #5 type] 
Type domain.Mugimenduak is not enhanced.

[2020-11-15 19:45:44 #6 type] 
Type domain.ApustuAnizkoitza is not enhanced.

[2020-11-15 19:45:44 #7 type] 
Type domain.Apustua is not enhanced.

[2020-11-15 19:45:44 #8 type] 
Type domain.Kuota is not enhanced.

------------------------------------------------------------------------------------------------------------------------

[2020-11-15 19:46:44 #1 store] 
Database 'C:\Users\galan\eclipse-workspace\Bets2021-Berria\src\main\resources\bets.temp' is opened by 9968@DESKTOP-GNV5VMN

[2020-11-15 19:46:44 #2 type] 
Type domain.Question is not enhanced.

[2020-11-15 19:46:44 #3 type] 
Type domain.Event is not enhanced.

[2020-11-15 19:46:44 #4 type] 
Type domain.User is not enhanced.

[2020-11-15 19:46:44 #5 type] 
Type domain.Mugimenduak is not enhanced.

[2020-11-15 19:46:44 #6 type] 
Type domain.ApustuAnizkoitza is not enhanced.

[2020-11-15 19:46:44 #7 type] 
Type domain.Apustua is not enhanced.

[2020-11-15 19:46:44 #8 type] 
Type domain.Kuota is not enhanced.

------------------------------------------------------------------------------------------------------------------------

[2020-11-15 19:47:44 #1 store] 
Database 'C:\Users\galan\eclipse-workspace\Bets2021-Berria\src\main\resources\bets.temp' is opened by 17356@DESKTOP-GNV5VMN

[2020-11-15 19:47:44 #2 type] 
Type domain.Question is not enhanced.

[2020-11-15 19:47:44 #3 type] 
Type domain.Event is not enhanced.

[2020-11-15 19:47:44 #4 type] 
Type domain.User is not enhanced.

[2020-11-15 19:47:44 #5 type] 
Type domain.Mugimenduak is not enhanced.

[2020-11-15 19:47:44 #6 type] 
Type domain.ApustuAnizkoitza is not enhanced.

[2020-11-15 19:47:44 #7 type] 
Type domain.Apustua is not enhanced.

[2020-11-15 19:47:44 #8 type] 
Type domain.Kuota is not enhanced.

------------------------------------------------------------------------------------------------------------------------

[2020-11-15 19:51:01 #1 store] 
Database 'C:\Users\galan\eclipse-workspace\Bets2021-Berria\src\main\resources\bets.temp' is opened by 21140@DESKTOP-GNV5VMN

[2020-11-15 19:51:01 #2 type] 
Type domain.Question is not enhanced.

[2020-11-15 19:51:01 #3 type] 
Type domain.Event is not enhanced.

[2020-11-15 19:51:01 #4 type] 
Type domain.User is not enhanced.

[2020-11-15 19:51:01 #5 type] 
Type domain.Mugimenduak is not enhanced.

[2020-11-15 19:51:01 #6 type] 
Type domain.ApustuAnizkoitza is not enhanced.

[2020-11-15 19:51:01 #7 type] 
Type domain.Apustua is not enhanced.

[2020-11-15 19:51:01 #8 type] 
Type domain.Kuota is not enhanced.

------------------------------------------------------------------------------------------------------------------------

[2020-11-15 20:08:42 #1 store] 
Database 'C:\Users\galan\eclipse-workspace\Bets2021-Berria\src\main\resources\bets.temp' is opened by 17668@DESKTOP-GNV5VMN

[2020-11-15 20:08:42 #2 type] 
Type domain.Question is not enhanced.

[2020-11-15 20:08:42 #3 type] 
Type domain.Event is not enhanced.

[2020-11-15 20:08:42 #4 type] 
Type domain.User is not enhanced.

[2020-11-15 20:08:42 #5 type] 
Type domain.Mugimenduak is not enhanced.

[2020-11-15 20:08:42 #6 type] 
Type domain.ApustuAnizkoitza is not enhanced.

[2020-11-15 20:08:42 #7 type] 
Type domain.Apustua is not enhanced.

[2020-11-15 20:08:42 #8 type] 
Type domain.Kuota is not enhanced.

------------------------------------------------------------------------------------------------------------------------

[2020-11-15 20:12:23 #1 store] 
Database 'C:\Users\galan\eclipse-workspace\Bets2021-Berria\src\main\resources\bets.temp' is opened by 14368@DESKTOP-GNV5VMN

[2020-11-15 20:12:23 #2 type] 
Type domain.Question is not enhanced.

[2020-11-15 20:12:23 #3 type] 
Type domain.Event is not enhanced.

[2020-11-15 20:12:23 #4 type] 
Type domain.User is not enhanced.

[2020-11-15 20:12:23 #5 type] 
Type domain.Mugimenduak is not enhanced.

[2020-11-15 20:12:23 #6 type] 
Type domain.ApustuAnizkoitza is not enhanced.

[2020-11-15 20:12:23 #7 type] 
Type domain.Apustua is not enhanced.

[2020-11-15 20:12:23 #8 type] 
Type domain.Kuota is not enhanced.

------------------------------------------------------------------------------------------------------------------------

[2020-11-15 20:14:47 #1 store] 
Database 'C:\Users\galan\eclipse-workspace\Bets2021-Berria\src\main\resources\bets.temp' is opened by 20464@DESKTOP-GNV5VMN

[2020-11-15 20:14:47 #2 type] 
Type domain.Question is not enhanced.

[2020-11-15 20:14:47 #3 type] 
Type domain.Event is not enhanced.

[2020-11-15 20:14:47 #4 type] 
Type domain.User is not enhanced.

[2020-11-15 20:14:47 #5 type] 
Type domain.Mugimenduak is not enhanced.

[2020-11-15 20:14:47 #6 type] 
Type domain.ApustuAnizkoitza is not enhanced.

[2020-11-15 20:14:47 #7 type] 
Type domain.Apustua is not enhanced.

[2020-11-15 20:14:47 #8 type] 
Type domain.Kuota is not enhanced.

------------------------------------------------------------------------------------------------------------------------

[2020-11-15 20:16:08 #1 store] 
Database 'C:\Users\galan\eclipse-workspace\Bets2021-Berria\src\main\resources\bets.temp' is opened by 12324@DESKTOP-GNV5VMN

[2020-11-15 20:16:08 #2 type] 
Type domain.Question is not enhanced.

[2020-11-15 20:16:08 #3 type] 
Type domain.Event is not enhanced.

[2020-11-15 20:16:08 #4 type] 
Type domain.User is not enhanced.

[2020-11-15 20:16:08 #5 type] 
Type domain.Mugimenduak is not enhanced.

[2020-11-15 20:16:08 #6 type] 
Type domain.ApustuAnizkoitza is not enhanced.

[2020-11-15 20:16:08 #7 type] 
Type domain.Apustua is not enhanced.

[2020-11-15 20:16:08 #8 type] 
Type domain.Kuota is not enhanced.

------------------------------------------------------------------------------------------------------------------------

[2020-11-15 20:17:11 #1 store] 
Database 'C:\Users\galan\eclipse-workspace\Bets2021-Berria\src\main\resources\bets.temp' is opened by 14936@DESKTOP-GNV5VMN

[2020-11-15 20:17:11 #2 type] 
Type domain.Question is not enhanced.

[2020-11-15 20:17:11 #3 type] 
Type domain.Event is not enhanced.

[2020-11-15 20:17:11 #4 type] 
Type domain.User is not enhanced.

[2020-11-15 20:17:11 #5 type] 
Type domain.Mugimenduak is not enhanced.

[2020-11-15 20:17:11 #6 type] 
Type domain.ApustuAnizkoitza is not enhanced.

[2020-11-15 20:17:11 #7 type] 
Type domain.Apustua is not enhanced.

[2020-11-15 20:17:11 #8 type] 
Type domain.Kuota is not enhanced.

------------------------------------------------------------------------------------------------------------------------

[2020-11-15 20:17:39 #1 store] 
Database 'C:\Users\galan\eclipse-workspace\Bets2021-Berria\src\main\resources\bets.temp' is opened by 2796@DESKTOP-GNV5VMN

[2020-11-15 20:17:39 #2 type] 
Type domain.Question is not enhanced.

[2020-11-15 20:17:39 #3 type] 
Type domain.Event is not enhanced.

[2020-11-15 20:17:39 #4 type] 
Type domain.User is not enhanced.

[2020-11-15 20:17:39 #5 type] 
Type domain.Mugimenduak is not enhanced.

[2020-11-15 20:17:39 #6 type] 
Type domain.ApustuAnizkoitza is not enhanced.

[2020-11-15 20:17:39 #7 type] 
Type domain.Apustua is not enhanced.

[2020-11-15 20:17:39 #8 type] 
Type domain.Kuota is not enhanced.

------------------------------------------------------------------------------------------------------------------------

[2020-11-15 20:19:54 #1 store] 
Database 'C:\Users\galan\eclipse-workspace\Bets2021-Berria\src\main\resources\bets.temp' is opened by 3352@DESKTOP-GNV5VMN

[2020-11-15 20:19:54 #2 type] 
Type domain.Question is not enhanced.

[2020-11-15 20:19:54 #3 type] 
Type domain.Event is not enhanced.

[2020-11-15 20:19:54 #4 type] 
Type domain.User is not enhanced.

[2020-11-15 20:19:54 #5 type] 
Type domain.Mugimenduak is not enhanced.

[2020-11-15 20:19:54 #6 type] 
Type domain.ApustuAnizkoitza is not enhanced.

[2020-11-15 20:19:54 #7 type] 
Type domain.Apustua is not enhanced.

[2020-11-15 20:19:54 #8 type] 
Type domain.Kuota is not enhanced.

------------------------------------------------------------------------------------------------------------------------

[2020-11-15 20:22:40 #1 store] 
Database 'C:\Users\galan\eclipse-workspace\Bets2021-Berria\src\main\resources\bets.temp' is opened by 18048@DESKTOP-GNV5VMN

[2020-11-15 20:22:40 #2 type] 
Type domain.Question is not enhanced.

[2020-11-15 20:22:40 #3 type] 
Type domain.Event is not enhanced.

[2020-11-15 20:22:40 #4 type] 
Type domain.User is not enhanced.

[2020-11-15 20:22:40 #5 type] 
Type domain.Mugimenduak is not enhanced.

[2020-11-15 20:22:40 #6 type] 
Type domain.ApustuAnizkoitza is not enhanced.

[2020-11-15 20:22:40 #7 type] 
Type domain.Apustua is not enhanced.

[2020-11-15 20:22:40 #8 type] 
Type domain.Kuota is not enhanced.

------------------------------------------------------------------------------------------------------------------------

[2020-11-15 20:25:11 #1 store] 
Database 'C:\Users\galan\eclipse-workspace\Bets2021-Berria\src\main\resources\bets.temp' is opened by 17932@DESKTOP-GNV5VMN

[2020-11-15 20:25:11 #2 type] 
Type domain.Question is not enhanced.

[2020-11-15 20:25:11 #3 type] 
Type domain.Event is not enhanced.

[2020-11-15 20:25:11 #4 type] 
Type domain.User is not enhanced.

[2020-11-15 20:25:11 #5 type] 
Type domain.Mugimenduak is not enhanced.

[2020-11-15 20:25:11 #6 type] 
Type domain.ApustuAnizkoitza is not enhanced.

[2020-11-15 20:25:11 #7 type] 
Type domain.Apustua is not enhanced.

[2020-11-15 20:25:11 #8 type] 
Type domain.Kuota is not enhanced.

------------------------------------------------------------------------------------------------------------------------

[2020-11-15 20:27:20 #1 store] 
Database 'C:\Users\galan\eclipse-workspace\Bets2021-Berria\src\main\resources\bets.temp' is opened by 19980@DESKTOP-GNV5VMN

[2020-11-15 20:27:20 #2 type] 
Type domain.Question is not enhanced.

[2020-11-15 20:27:20 #3 type] 
Type domain.Event is not enhanced.

[2020-11-15 20:27:20 #4 type] 
Type domain.User is not enhanced.

[2020-11-15 20:27:20 #5 type] 
Type domain.Mugimenduak is not enhanced.

[2020-11-15 20:27:20 #6 type] 
Type domain.ApustuAnizkoitza is not enhanced.

[2020-11-15 20:27:20 #7 type] 
Type domain.Apustua is not enhanced.

[2020-11-15 20:27:20 #8 type] 
Type domain.Kuota is not enhanced.

------------------------------------------------------------------------------------------------------------------------

[2020-11-15 21:17:21 #1 store] 
Database 'C:\Users\galan\eclipse-workspace\Bets2021-Berria\src\main\resources\bets.temp' is opened by 15108@DESKTOP-GNV5VMN

[2020-11-15 21:17:21 #2 type.registry] 
New type domain.User

[2020-11-15 21:17:21 #3 type] 
Type domain.User is not enhanced.

[2020-11-15 21:17:21 #4 type.registry] 
New type domain.Mugimenduak

[2020-11-15 21:17:21 #5 type.registry] 
New type domain.ApustuAnizkoitza

[2020-11-15 21:17:21 #6 type.registry] 
New type java.util.Vector<domain.ApustuAnizkoitza>

[2020-11-15 21:17:21 #7 type.registry] 
New type domain.Apustua

[2020-11-15 21:17:21 #8 type.registry] 
New type java.util.Vector<domain.Apustua>

[2020-11-15 21:17:21 #9 type] 
Type domain.Mugimenduak is not enhanced.

[2020-11-15 21:17:21 #10 type.registry] 
New type java.util.ArrayList<java.lang.String>

[2020-11-15 21:17:21 #11 type] 
Type domain.ApustuAnizkoitza is not enhanced.

[2020-11-15 21:17:21 #12 type] 
Type domain.Apustua is not enhanced.

[2020-11-15 21:17:21 #13 type.registry] 
New type domain.Event

[2020-11-15 21:17:21 #14 type.registry] 
New type domain.Question

[2020-11-15 21:17:21 #15 type] 
Type domain.Event is not enhanced.

[2020-11-15 21:17:21 #16 type.registry] 
New type java.util.Vector<domain.Question>

[2020-11-15 21:17:21 #17 type] 
Type domain.Question is not enhanced.

[2020-11-15 21:17:21 #18 type.registry] 
New type java.util.Vector<java.lang.Object>

[2020-11-15 21:17:21 #19 type.registry] 
New type java.util.ArrayList<java.lang.Object>

------------------------------------------------------------------------------------------------------------------------

[2020-11-15 21:18:16 #1 store] 
Database 'C:\Users\galan\eclipse-workspace\Bets2021-Berria\src\main\resources\bets.temp' is opened by 12468@DESKTOP-GNV5VMN

[2020-11-15 21:18:16 #2 type.registry] 
New type domain.User

[2020-11-15 21:18:16 #3 type] 
Type domain.User is not enhanced.

[2020-11-15 21:18:16 #4 type.registry] 
New type domain.Mugimenduak

[2020-11-15 21:18:16 #5 type.registry] 
New type domain.ApustuAnizkoitza

[2020-11-15 21:18:16 #6 type.registry] 
New type java.util.Vector<domain.ApustuAnizkoitza>

[2020-11-15 21:18:16 #7 type.registry] 
New type domain.Apustua

[2020-11-15 21:18:16 #8 type.registry] 
New type java.util.Vector<domain.Apustua>

[2020-11-15 21:18:16 #9 type] 
Type domain.Mugimenduak is not enhanced.

[2020-11-15 21:18:16 #10 type.registry] 
New type java.util.ArrayList<java.lang.String>

[2020-11-15 21:18:16 #11 type] 
Type domain.ApustuAnizkoitza is not enhanced.

[2020-11-15 21:18:16 #12 type] 
Type domain.Apustua is not enhanced.

[2020-11-15 21:18:16 #13 type.registry] 
New type domain.Event

[2020-11-15 21:18:16 #14 type.registry] 
New type domain.Question

[2020-11-15 21:18:16 #15 type] 
Type domain.Event is not enhanced.

[2020-11-15 21:18:16 #16 type.registry] 
New type java.util.Vector<domain.Question>

[2020-11-15 21:18:16 #17 type] 
Type domain.Question is not enhanced.

[2020-11-15 21:18:16 #18 type.registry] 
New type java.util.Vector<java.lang.Object>

[2020-11-15 21:18:16 #19 type.registry] 
New type java.util.ArrayList<java.lang.Object>

------------------------------------------------------------------------------------------------------------------------

[2020-11-15 21:22:33 #1 store] 
Database 'C:\Users\galan\eclipse-workspace\Bets2021-Berria\src\main\resources\bets.temp' is opened by 17136@DESKTOP-GNV5VMN

[2020-11-15 21:22:33 #2 type.registry] 
New type domain.User

[2020-11-15 21:22:33 #3 type] 
Type domain.User is not enhanced.

[2020-11-15 21:22:33 #4 type.registry] 
New type domain.Mugimenduak

[2020-11-15 21:22:33 #5 type.registry] 
New type domain.ApustuAnizkoitza

[2020-11-15 21:22:33 #6 type.registry] 
New type java.util.Vector<domain.ApustuAnizkoitza>

[2020-11-15 21:22:33 #7 type.registry] 
New type domain.Apustua

[2020-11-15 21:22:33 #8 type.registry] 
New type java.util.Vector<domain.Apustua>

[2020-11-15 21:22:33 #9 type] 
Type domain.Mugimenduak is not enhanced.

[2020-11-15 21:22:33 #10 type.registry] 
New type java.util.ArrayList<java.lang.String>

[2020-11-15 21:22:33 #11 type] 
Type domain.ApustuAnizkoitza is not enhanced.

[2020-11-15 21:22:33 #12 type] 
Type domain.Apustua is not enhanced.

[2020-11-15 21:22:33 #13 type.registry] 
New type domain.Event

[2020-11-15 21:22:33 #14 type.registry] 
New type domain.Question

[2020-11-15 21:22:33 #15 type] 
Type domain.Event is not enhanced.

[2020-11-15 21:22:33 #16 type.registry] 
New type java.util.Vector<domain.Question>

[2020-11-15 21:22:33 #17 type] 
Type domain.Question is not enhanced.

[2020-11-15 21:22:33 #18 type.registry] 
New type java.util.Vector<java.lang.Object>

[2020-11-15 21:22:33 #19 type.registry] 
New type java.util.ArrayList<java.lang.Object>

------------------------------------------------------------------------------------------------------------------------

[2020-11-15 21:39:12 #1 store] 
Database 'C:\Users\galan\eclipse-workspace\Bets2021-Berria\src\main\resources\bets.temp' is opened by 17584@DESKTOP-GNV5VMN

[2020-11-15 21:39:12 #2 type.registry] 
New type domain.User

[2020-11-15 21:39:12 #3 type] 
Type domain.User is not enhanced.

[2020-11-15 21:39:12 #4 type.registry] 
New type domain.Mugimenduak

[2020-11-15 21:39:12 #5 type.registry] 
New type domain.ApustuAnizkoitza

[2020-11-15 21:39:12 #6 type.registry] 
New type java.util.Vector<domain.ApustuAnizkoitza>

[2020-11-15 21:39:12 #7 type.registry] 
New type domain.Apustua

[2020-11-15 21:39:12 #8 type.registry] 
New type java.util.Vector<domain.Apustua>

[2020-11-15 21:39:12 #9 type] 
Type domain.Mugimenduak is not enhanced.

[2020-11-15 21:39:12 #10 type.registry] 
New type java.util.ArrayList<java.lang.String>

[2020-11-15 21:39:12 #11 type] 
Type domain.ApustuAnizkoitza is not enhanced.

[2020-11-15 21:39:12 #12 type] 
Type domain.Apustua is not enhanced.

[2020-11-15 21:39:12 #13 type.registry] 
New type domain.Event

[2020-11-15 21:39:12 #14 type.registry] 
New type domain.Question

[2020-11-15 21:39:12 #15 type] 
Type domain.Event is not enhanced.

[2020-11-15 21:39:12 #16 type.registry] 
New type java.util.Vector<domain.Question>

[2020-11-15 21:39:12 #17 type] 
Type domain.Question is not enhanced.

[2020-11-15 21:39:12 #18 type.registry] 
New type java.util.Vector<java.lang.Object>

[2020-11-15 21:39:12 #19 type.registry] 
New type java.util.ArrayList<java.lang.Object>

------------------------------------------------------------------------------------------------------------------------

[2020-11-15 21:54:20 #1 store] 
Database 'C:\Users\galan\eclipse-workspace\Bets2021-Berria\src\main\resources\bets.temp' is opened by 3752@DESKTOP-GNV5VMN

[2020-11-15 21:54:20 #2 type.registry] 
New type domain.User

[2020-11-15 21:54:20 #3 type] 
Type domain.User is not enhanced.

[2020-11-15 21:54:20 #4 type.registry] 
New type domain.Mugimenduak

[2020-11-15 21:54:20 #5 type.registry] 
New type domain.ApustuAnizkoitza

[2020-11-15 21:54:20 #6 type.registry] 
New type java.util.Vector<domain.ApustuAnizkoitza>

[2020-11-15 21:54:20 #7 type.registry] 
New type domain.Apustua

[2020-11-15 21:54:20 #8 type.registry] 
New type java.util.Vector<domain.Apustua>

[2020-11-15 21:54:20 #9 type] 
Type domain.Mugimenduak is not enhanced.

[2020-11-15 21:54:20 #10 type.registry] 
New type java.util.ArrayList<java.lang.String>

[2020-11-15 21:54:20 #11 type] 
Type domain.ApustuAnizkoitza is not enhanced.

[2020-11-15 21:54:20 #12 type] 
Type domain.Apustua is not enhanced.

[2020-11-15 21:54:20 #13 type.registry] 
New type domain.Event

[2020-11-15 21:54:20 #14 type.registry] 
New type domain.Question

[2020-11-15 21:54:20 #15 type] 
Type domain.Event is not enhanced.

[2020-11-15 21:54:20 #16 type.registry] 
New type java.util.Vector<domain.Question>

[2020-11-15 21:54:20 #17 type] 
Type domain.Question is not enhanced.

[2020-11-15 21:54:20 #18 type.registry] 
New type java.util.Vector<java.lang.Object>

[2020-11-15 21:54:20 #19 type.registry] 
New type java.util.ArrayList<java.lang.Object>

